# JRE version: Java(TM) SE Runtime Environment (21.0.9+7) (build 21.0.9+7-LTS-338)
# Java VM: Java HotSpot(TM) 64-Bit Server VM (21.0.9+7-LTS-338, mixed mode, emulated-client, sharing, tiered, compressed oops, compressed class ptrs, g1 gc, windows-amd64)
GC Precious Log:
 CardTable entry size: 512
 Card Set container configuration: InlinePtr #cards 5 size 8 Array Of Cards #cards 12 size 40 Howl #buckets 4 coarsen threshold 1843 Howl Bitmap #cards 512 size 80 coarsen threshold 460 Card regions per heap region 1 cards per card region 2048
 CPUs: 12 total, 12 available
 Memory: 7518M
 Large Page Support: Disabled
 NUMA Support: Disabled
 Compressed Oops: Enabled (32-bit)
 Heap Region Size: 1M
 Heap Min Capacity: 8M
 Heap Initial Capacity: 118M
 Heap Max Capacity: 1880M
 Pre-touch: Disabled
 Parallel Workers: 10
 Concurrent Workers: 3
 Concurrent Refinement Workers: 10
 Periodic GC: Disabled
Heap:
 garbage-first heap   total 120832K, used 7694K [0x000000008a800000, 0x0000000100000000)
  region size 1024K, 1 young (1024K), 1 survivors (1024K)
 Metaspace       used 9239K, committed 9472K, reserved 1114112K
  class space    used 1266K, committed 1344K, reserved 1048576K
GC Heap History (9 events):
Event: 3.204 GC heap before
{Heap before GC invocations=0 (full 0):
 garbage-first heap   total 120832K, used 24576K [0x000000008a800000, 0x0000000100000000)
  region size 1024K, 23 young (23552K), 0 survivors (0K)
 Metaspace       used 5877K, committed 6144K, reserved 1114112K
  class space    used 788K, committed 960K, reserved 1048576K
}
Event: 4.135 GC heap after
{Heap after GC invocations=1 (full 0):
 garbage-first heap   total 120832K, used 6544K [0x000000008a800000, 0x0000000100000000)
  region size 1024K, 3 young (3072K), 3 survivors (3072K)
 Metaspace       used 5877K, committed 6144K, reserved 1114112K
  class space    used 788K, committed 960K, reserved 1048576K
}
Event: 4.205 GC heap before
{Heap before GC invocations=1 (full 0):
 garbage-first heap   total 120832K, used 8592K [0x000000008a800000, 0x0000000100000000)
  region size 1024K, 5 young (5120K), 3 survivors (3072K)
 Metaspace       used 6077K, committed 6336K, reserved 1114112K
  class space    used 824K, committed 960K, reserved 1048576K
}
Event: 4.215 GC heap after
{Heap after GC invocations=2 (full 0):
 garbage-first heap   total 120832K, used 7015K [0x000000008a800000, 0x0000000100000000)
  region size 1024K, 1 young (1024K), 1 survivors (1024K)
 Metaspace       used 6077K, committed 6336K, reserved 1114112K
  class space    used 824K, committed 960K, reserved 1048576K
}
Event: 4.378 GC heap before
{Heap before GC invocations=2 (full 0):
 garbage-first heap   total 120832K, used 10087K [0x000000008a800000, 0x0000000100000000)
  region size 1024K, 5 young (5120K), 1 survivors (1024K)
 Metaspace       used 7133K, committed 7360K, reserved 1114112K
  class space    used 996K, committed 1088K, reserved 1048576K
}
Event: 4.381 GC heap after
{Heap after GC invocations=3 (full 0):
 garbage-first heap   total 120832K, used 7196K [0x000000008a800000, 0x0000000100000000)
  region size 1024K, 1 young (1024K), 1 survivors (1024K)
 Metaspace       used 7133K, committed 7360K, reserved 1114112K
  class space    used 996K, committed 1088K, reserved 1048576K
}
Event: 4.448 GC heap before
{Heap before GC invocations=3 (full 0):
 garbage-first heap   total 120832K, used 11292K [0x000000008a800000, 0x0000000100000000)
  region size 1024K, 5 young (5120K), 1 survivors (1024K)
 Metaspace       used 8306K, committed 8640K, reserved 1114112K
  class space    used 1143K, committed 1280K, reserved 1048576K
}
Event: 4.450 GC heap after
{Heap after GC invocations=4 (full 0):
 garbage-first heap   total 120832K, used 7430K [0x000000008a800000, 0x0000000100000000)
  region size 1024K, 1 young (1024K), 1 survivors (1024K)
 Metaspace       used 8306K, committed 8640K, reserved 1114112K
  class space    used 1143K, committed 1280K, reserved 1048576K
}
Event: 4.524 GC heap before
{Heap before GC invocations=4 (full 0):
 garbage-first heap   total 120832K, used 11526K [0x000000008a800000, 0x0000000100000000)
  region size 1024K, 5 young (5120K), 1 survivors (1024K)
 Metaspace       used 9239K, committed 9472K, reserved 1114112K
  class space    used 1266K, committed 1344K, reserved 1048576K
}

